<?xml version="1.0" encoding="UTF-8"?>
<!-- Generated by org.testng.reporters.JUnitReportReporter -->
<testsuite skipped="0" hostname="DESKTOP-QPSCT2K" name="com.au.testcases.TC_CustomerUpdateTest_003" tests="1" failures="0" timestamp="2020-12-04T14:30:15 IST" time="153.768" errors="0">
  <testcase name="customer_BasicDetails" time="153.768" classname="com.au.testcases.TC_CustomerUpdateTest_003"/>
  <system-out/>
</testsuite> <!-- com.au.testcases.TC_CustomerUpdateTest_003 -->
