<?xml version="1.0" encoding="UTF-8"?>
<!-- Generated by org.testng.reporters.JUnitReportReporter -->
<testsuite skipped="0" hostname="DESKTOP-QPSCT2K" name="com.au.testcases.OpenBrowser" tests="1" failures="0" timestamp="2021-01-07T11:27:49 IST" time="7.938" errors="0">
  <testcase name="setup" time="7.938" classname="com.au.testcases.OpenBrowser"/>
  <system-out/>
</testsuite> <!-- com.au.testcases.OpenBrowser -->
