<?xml version="1.0" encoding="UTF-8"?>
<!-- Generated by org.testng.reporters.JUnitReportReporter -->
<testsuite skipped="0" hostname="DESKTOP-QPSCT2K"
	name="com.au.testcases.TC_CollateralUpdateTest_002" tests="1"
	failures="0" timestamp="2020-11-16T18:04:40 IST" time="154.217"
	errors="0">
	<testcase name="collateralUpdate" time="154.217"
		classname="com.au.testcases.TC_CollateralUpdateTest_002" />
	<system-out />
</testsuite> <!-- com.au.testcases.TC_CollateralUpdateTest_002 -->
