<?xml version="1.0" encoding="UTF-8"?>
<!-- Generated by org.testng.reporters.JUnitReportReporter -->
<testsuite skipped="0" hostname="DESKTOP-QPSCT2K" name="com.au.testcases.TC_PDCADF" tests="1" failures="0" timestamp="2020-12-22T15:11:13 IST" time="78.813" errors="0">
  <testcase name="get_PDdetails" time="78.813" classname="com.au.testcases.TC_PDCADF"/>
  <system-out/>
</testsuite> <!-- com.au.testcases.TC_PDCADF -->
