<?xml version="1.0" encoding="UTF-8"?>
<!-- Generated by org.testng.reporters.JUnitReportReporter -->
<testsuite skipped="0" hostname="DESKTOP-QPSCT2K" name="com.au.testcases.TC_IVdetails_007" tests="1" failures="0" timestamp="2021-01-06T11:55:01 IST" time="88.314" errors="0">
  <testcase name="do_IVdetails" time="88.314" classname="com.au.testcases.TC_IVdetails_007"/>
  <system-out/>
</testsuite> <!-- com.au.testcases.TC_IVdetails_007 -->
