<?xml version="1.0" encoding="UTF-8"?>
<!-- Generated by org.testng.reporters.JUnitReportReporter -->
<testsuite skipped="0" hostname="DESKTOP-QPSCT2K" name="com.au.practiceProgram.TechnicalChallanges" tests="1" failures="0" timestamp="2021-04-09T06:27:44 IST" time="11.330" errors="0">
  <testcase name="handling_Popups" time="11.330" classname="com.au.practiceProgram.TechnicalChallanges"/>
  <system-out/>
</testsuite> <!-- com.au.practiceProgram.TechnicalChallanges -->
