<?xml version="1.0" encoding="UTF-8"?>
<!-- Generated by org.testng.reporters.JUnitReportReporter -->
<testsuite hostname="DESKTOP-QPSCT2K" name="runner.TestRunner" tests="1" failures="0" timestamp="24 May 2021 13:14:22 GMT" time="13.021" errors="0">
  <testcase name="feature" time="13.021" classname="runner.TestRunner"/>
</testsuite> <!-- runner.TestRunner -->
