<?xml version="1.0" encoding="UTF-8"?>
<!-- Generated by org.testng.reporters.JUnitReportReporter -->
<testsuite hostname="DESKTOP-QPSCT2K" name="runner.TestRunner" tests="1" failures="1" timestamp="28 May 2021 06:53:00 GMT" time="3.044" errors="0">
  <testcase name="feature" time="3.044" classname="runner.TestRunner">
    <failure type="cucumber.runtime.CucumberException" message="org.openqa.selenium.SessionNotCreatedException: session not created: This version of ChromeDriver only supports Chrome version 89
Current browser version is 91.0.4472.77 with binary path C:\Program Files (x86)\Google\Chrome\Application\chrome.exe
Build info: version: &#039;3.6.0&#039;, revision: &#039;6fbf3ec767&#039;, time: &#039;2017-09-27T15:28:36.4Z&#039;
System info: host: &#039;DESKTOP-QPSCT2K&#039;, ip: &#039;192.168.1.7&#039;, os.name: &#039;Windows 10&#039;, os.arch: &#039;amd64&#039;, os.version: &#039;10.0&#039;, java.version: &#039;1.8.0_162&#039;
Driver info: driver.version: ChromeDriver
remote stacktrace: Backtrace:
	Ordinal0 [0x0097E7D3+124883]
	Ordinal0 [0x0097E7B1+124849]
	GetHandleVerifier [0x00BC8688+193832]
	GetHandleVerifier [0x00BE3AC5+305509]
	GetHandleVerifier [0x00BE021B+291003]
	GetHandleVerifier [0x00BDE0AC+282444]
	GetHandleVerifier [0x00C04A90+440624]
	GetHandleVerifier [0x00C047FC+439964]
	GetHandleVerifier [0x00C0154B+426987]
	GetHandleVerifier [0x00BE4FFD+310941]
	GetHandleVerifier [0x00BE5D8E+314414]
	GetHandleVerifier [0x00BE5D19+314297]
	GetHandleVerifier [0x00CA31EC+1089676]
	GetHandleVerifier [0x00CA17C9+1082985]
	GetHandleVerifier [0x00CA13A3+1081923]
	GetHandleVerifier [0x00D9D9FD+2115741]
	Ordinal0 [0x00ACB82E+1488942]
	Ordinal0 [0x00A65A7D+1071741]
	Ordinal0 [0x00A6559B+1070491]
	Ordinal0 [0x00A654B1+1070257]
	Ordinal0 [0x00A9FF53+1310547]
	BaseThreadInitThunk [0x75FD6359+25]
	RtlGetAppContainerNamedObjectPath [0x774287A4+228]
	RtlGetAppContainerNamedObjectPath [0x77428774+180]
">
      <![CDATA[cucumber.runtime.CucumberException: org.openqa.selenium.SessionNotCreatedException: session not created: This version of ChromeDriver only supports Chrome version 89
Current browser version is 91.0.4472.77 with binary path C:\Program Files (x86)\Google\Chrome\Application\chrome.exe
Build info: version: '3.6.0', revision: '6fbf3ec767', time: '2017-09-27T15:28:36.4Z'
System info: host: 'DESKTOP-QPSCT2K', ip: '192.168.1.7', os.name: 'Windows 10', os.arch: 'amd64', os.version: '10.0', java.version: '1.8.0_162'
Driver info: driver.version: ChromeDriver
remote stacktrace: Backtrace:
	Ordinal0 [0x0097E7D3+124883]
	Ordinal0 [0x0097E7B1+124849]
	GetHandleVerifier [0x00BC8688+193832]
	GetHandleVerifier [0x00BE3AC5+305509]
	GetHandleVerifier [0x00BE021B+291003]
	GetHandleVerifier [0x00BDE0AC+282444]
	GetHandleVerifier [0x00C04A90+440624]
	GetHandleVerifier [0x00C047FC+439964]
	GetHandleVerifier [0x00C0154B+426987]
	GetHandleVerifier [0x00BE4FFD+310941]
	GetHandleVerifier [0x00BE5D8E+314414]
	GetHandleVerifier [0x00BE5D19+314297]
	GetHandleVerifier [0x00CA31EC+1089676]
	GetHandleVerifier [0x00CA17C9+1082985]
	GetHandleVerifier [0x00CA13A3+1081923]
	GetHandleVerifier [0x00D9D9FD+2115741]
	Ordinal0 [0x00ACB82E+1488942]
	Ordinal0 [0x00A65A7D+1071741]
	Ordinal0 [0x00A6559B+1070491]
	Ordinal0 [0x00A654B1+1070257]
	Ordinal0 [0x00A9FF53+1310547]
	BaseThreadInitThunk [0x75FD6359+25]
	RtlGetAppContainerNamedObjectPath [0x774287A4+228]
	RtlGetAppContainerNamedObjectPath [0x77428774+180]

	at cucumber.api.testng.TestNGCucumberRunner.runCucumber(TestNGCucumberRunner.java:69)
	at cucumber.api.testng.AbstractTestNGCucumberTests.feature(AbstractTestNGCucumberTests.java:21)
	at sun.reflect.NativeMethodAccessorImpl.invoke0(Native Method)
	at sun.reflect.NativeMethodAccessorImpl.invoke(NativeMethodAccessorImpl.java:62)
	at sun.reflect.DelegatingMethodAccessorImpl.invoke(DelegatingMethodAccessorImpl.java:43)
	at java.lang.reflect.Method.invoke(Method.java:498)
	at org.testng.internal.MethodInvocationHelper.invokeMethod(MethodInvocationHelper.java:80)
	at org.testng.internal.Invoker.invokeMethod(Invoker.java:714)
	at org.testng.internal.Invoker.invokeTestMethod(Invoker.java:901)
	at org.testng.internal.Invoker.invokeTestMethods(Invoker.java:1231)
	at org.testng.internal.TestMethodWorker.invokeTestMethods(TestMethodWorker.java:127)
	at org.testng.internal.TestMethodWorker.run(TestMethodWorker.java:111)
	at org.testng.TestRunner.privateRun(TestRunner.java:767)
	at org.testng.TestRunner.run(TestRunner.java:617)
	at org.testng.SuiteRunner.runTest(SuiteRunner.java:334)
	at org.testng.SuiteRunner.runSequentially(SuiteRunner.java:329)
	at org.testng.SuiteRunner.privateRun(SuiteRunner.java:291)
	at org.testng.SuiteRunner.run(SuiteRunner.java:240)
	at org.testng.SuiteRunnerWorker.runSuite(SuiteRunnerWorker.java:52)
	at org.testng.SuiteRunnerWorker.run(SuiteRunnerWorker.java:86)
	at org.testng.TestNG.runSuitesSequentially(TestNG.java:1198)
	at org.testng.TestNG.runSuitesLocally(TestNG.java:1123)
	at org.testng.TestNG.run(TestNG.java:1031)
	at org.testng.remote.AbstractRemoteTestNG.run(AbstractRemoteTestNG.java:115)
	at org.testng.remote.RemoteTestNG.initAndRun(RemoteTestNG.java:251)
	at org.testng.remote.RemoteTestNG.main(RemoteTestNG.java:77)
Caused by: org.openqa.selenium.SessionNotCreatedException: session not created: This version of ChromeDriver only supports Chrome version 89
Current browser version is 91.0.4472.77 with binary path C:\Program Files (x86)\Google\Chrome\Application\chrome.exe
Build info: version: '3.6.0', revision: '6fbf3ec767', time: '2017-09-27T15:28:36.4Z'
System info: host: 'DESKTOP-QPSCT2K', ip: '192.168.1.7', os.name: 'Windows 10', os.arch: 'amd64', os.version: '10.0', java.version: '1.8.0_162'
Driver info: driver.version: ChromeDriver
remote stacktrace: Backtrace:
	Ordinal0 [0x0097E7D3+124883]
	Ordinal0 [0x0097E7B1+124849]
	GetHandleVerifier [0x00BC8688+193832]
	GetHandleVerifier [0x00BE3AC5+305509]
	GetHandleVerifier [0x00BE021B+291003]
	GetHandleVerifier [0x00BDE0AC+282444]
	GetHandleVerifier [0x00C04A90+440624]
	GetHandleVerifier [0x00C047FC+439964]
	GetHandleVerifier [0x00C0154B+426987]
	GetHandleVerifier [0x00BE4FFD+310941]
	GetHandleVerifier [0x00BE5D8E+314414]
	GetHandleVerifier [0x00BE5D19+314297]
	GetHandleVerifier [0x00CA31EC+1089676]
	GetHandleVerifier [0x00CA17C9+1082985]
	GetHandleVerifier [0x00CA13A3+1081923]
	GetHandleVerifier [0x00D9D9FD+2115741]
	Ordinal0 [0x00ACB82E+1488942]
	Ordinal0 [0x00A65A7D+1071741]
	Ordinal0 [0x00A6559B+1070491]
	Ordinal0 [0x00A654B1+1070257]
	Ordinal0 [0x00A9FF53+1310547]
	BaseThreadInitThunk [0x75FD6359+25]
	RtlGetAppContainerNamedObjectPath [0x774287A4+228]
	RtlGetAppContainerNamedObjectPath [0x77428774+180]

	at sun.reflect.NativeConstructorAccessorImpl.newInstance0(Native Method)
	at sun.reflect.NativeConstructorAccessorImpl.newInstance(NativeConstructorAccessorImpl.java:62)
	at sun.reflect.DelegatingConstructorAccessorImpl.newInstance(DelegatingConstructorAccessorImpl.java:45)
	at java.lang.reflect.Constructor.newInstance(Constructor.java:423)
	at org.openqa.selenium.remote.W3CHandshakeResponse.lambda$new$0(W3CHandshakeResponse.java:57)
	at org.openqa.selenium.remote.W3CHandshakeResponse.lambda$getResponseFunction$2(W3CHandshakeResponse.java:104)
	at org.openqa.selenium.remote.ProtocolHandshake.lambda$createSession$24(ProtocolHandshake.java:359)
	at java.util.stream.ReferencePipeline$3$1.accept(ReferencePipeline.java:193)
	at java.util.Spliterators$ArraySpliterator.tryAdvance(Spliterators.java:958)
	at java.util.stream.ReferencePipeline.forEachWithCancel(ReferencePipeline.java:126)
	at java.util.stream.AbstractPipeline.copyIntoWithCancel(AbstractPipeline.java:498)
	at java.util.stream.AbstractPipeline.copyInto(AbstractPipeline.java:485)
	at java.util.stream.AbstractPipeline.wrapAndCopyInto(AbstractPipeline.java:471)
	at java.util.stream.FindOps$FindOp.evaluateSequential(FindOps.java:152)
	at java.util.stream.AbstractPipeline.evaluate(AbstractPipeline.java:234)
	at java.util.stream.ReferencePipeline.findFirst(ReferencePipeline.java:464)
	at org.openqa.selenium.remote.ProtocolHandshake.createSession(ProtocolHandshake.java:362)
	at org.openqa.selenium.remote.ProtocolHandshake.createSession(ProtocolHandshake.java:136)
	at org.openqa.selenium.remote.HttpCommandExecutor.execute(HttpCommandExecutor.java:142)
	at org.openqa.selenium.remote.service.DriverCommandExecutor.execute(DriverCommandExecutor.java:83)
	at org.openqa.selenium.remote.RemoteWebDriver.execute(RemoteWebDriver.java:586)
	at org.openqa.selenium.remote.RemoteWebDriver.startSession(RemoteWebDriver.java:217)
	at org.openqa.selenium.remote.RemoteWebDriver.<init>(RemoteWebDriver.java:140)
	at org.openqa.selenium.chrome.ChromeDriver.<init>(ChromeDriver.java:181)
	at org.openqa.selenium.chrome.ChromeDriver.<init>(ChromeDriver.java:168)
	at org.openqa.selenium.chrome.ChromeDriver.<init>(ChromeDriver.java:123)
	at stepDefinition.Implementation.setup_Browser(Implementation.java:26)
	at ?.Given Setup Browser(sample.feature:3)
]]>
    </failure>
  </testcase> <!-- feature -->
</testsuite> <!-- runner.TestRunner -->
