<?xml version="1.0" encoding="UTF-8"?>
<!-- Generated by org.testng.reporters.JUnitReportReporter -->
<testsuite hostname="DESKTOP-QPSCT2K" name="runner.TestRunner" tests="1" failures="0" timestamp="27 May 2021 11:14:09 GMT" time="72.438" errors="0">
  <testcase name="feature" time="72.438" classname="runner.TestRunner"/>
</testsuite> <!-- runner.TestRunner -->
